<?xml version="1.0" encoding="UTF-8"?>
<!-- Generated by org.testng.reporters.JUnitXMLReporter -->
<testsuite ignored="1" hostname="DESKTOP-JET7EDG" failures="0" tests="2" name="Default test" time="31.112" errors="0" timestamp="2023-10-28T07:18:24 IST">
  <testcase classname="testCases.LoginPageTest" name="LoginToApplicationTest" time="4.016"/>
  <testcase classname="testCases.LoginPageTest" name="verifyTitleOfApplication" time="0.179"/>
  <testcase classname="testCases.LoginPageTest" name="verifyURLOfApplicationTest" time="0.0">
    <ignored/>
  </testcase> <!-- verifyURLOfApplicationTest -->
</testsuite> <!-- Default test -->
