<?xml version="1.0" encoding="UTF-8"?>
<!-- Generated by org.testng.reporters.JUnitXMLReporter -->
<testsuite ignored="3" hostname="DESKTOP-JET7EDG" failures="0" tests="4" name="GroupTest" time="41.782" errors="0" timestamp="2023-10-26T08:15:56 IST">
  <testcase classname="testCases.LoginPageTest" name="LoginToApplicationTest" time="2.748"/>
  <testcase classname="testCases.LoginPageTest" name="verifyURLOfApplicationTest" time="0.133"/>
  <testcase classname="testCases.Inventory_Page_Test" name="add6ProductsTest" time="1.505"/>
  <testcase classname="testCases.Inventory_Page_Test" name="remove2ProductTest" time="1.731"/>
  <testcase classname="testCases.Inventory_Page_Test" name="verifyTwitterLogoTest" time="0.0">
    <ignored/>
  </testcase> <!-- verifyTwitterLogoTest -->
  <testcase classname="testCases.LoginPageTest" name="verifyTitleOfApplication" time="0.0">
    <ignored/>
  </testcase> <!-- verifyTitleOfApplication -->
  <testcase classname="testCases.Inventory_Page_Test" name="verifyProductLabelTest" time="0.0">
    <ignored/>
  </testcase> <!-- verifyProductLabelTest -->
</testsuite> <!-- GroupTest -->
