<?xml version="1.0" encoding="UTF-8"?>
<!-- Generated by org.testng.reporters.JUnitXMLReporter -->
<testsuite ignored="0" hostname="DESKTOP-JET7EDG" failures="0" tests="4" name="Test" time="33.479" errors="0" timestamp="2023-10-26T07:46:37 IST">
  <testcase classname="testCases.CheckoutPage1Test" name="inputInfo" time="1.743"/>
  <testcase classname="testCases.CheckoutPage1Test" name="verifyURLOfCheckOutPage1Test" time="0.083"/>
  <testcase classname="testCases.CartPageTest" name="verifyTitleCartPageTest" time="0.082"/>
  <testcase classname="testCases.CartPageTest" name="verifyURLOfApplicationTest" time="0.068"/>
</testsuite> <!-- Test -->
