<?xml version="1.0" encoding="UTF-8"?>
<!-- Generated by org.testng.reporters.JUnitXMLReporter -->
<testsuite ignored="4" hostname="DESKTOP-JET7EDG" failures="2" tests="3" name="Test(failed)" time="33.045" errors="0" timestamp="2023-10-21T08:04:48 IST">
  <testcase classname="testCases.Inventory_Page_Test" name="add6ProductsTest" time="3.899">
    <failure type="java.lang.AssertionError" message="expected:&amp;lt;Your Cart&amp;gt; but was:&amp;lt;6&amp;gt;">
      <![CDATA[java.lang.AssertionError: expected:<Your Cart> but was:<6>
at testCases.Inventory_Page_Test.add6ProductsTest(Inventory_Page_Test.java:55)
at java.base/java.util.ArrayList.forEach(ArrayList.java:1511)
... Removed 29 stack frames]]>
    </failure>
  </testcase> <!-- add6ProductsTest -->
  <testcase classname="testCases.Inventory_Page_Test" name="remove2ProductTest" time="1.465">
    <failure type="java.lang.AssertionError" message="expected:&amp;lt;https://www.saucedemo.com/checkout-step-one.html&amp;gt; but was:&amp;lt;4&amp;gt;">
      <![CDATA[java.lang.AssertionError: expected:<https://www.saucedemo.com/checkout-step-one.html> but was:<4>
at testCases.Inventory_Page_Test.remove2ProductTest(Inventory_Page_Test.java:63)
at java.base/java.util.ArrayList.forEach(ArrayList.java:1511)
... Removed 29 stack frames]]>
    </failure>
  </testcase> <!-- remove2ProductTest -->
  <testcase classname="testCases.LoginPageTest" name="verifyTitleOfApplication" time="0.089"/>
  <testcase classname="testCases.Inventory_Page_Test" name="verifyProductLabelTest" time="0.0">
    <ignored/>
  </testcase> <!-- verifyProductLabelTest -->
  <testcase classname="testCases.LoginPageTest" name="verifyURLOfApplicationTest" time="0.0">
    <ignored/>
  </testcase> <!-- verifyURLOfApplicationTest -->
  <testcase classname="testCases.Inventory_Page_Test" name="verifyTwitterLogoTest" time="0.0">
    <ignored/>
  </testcase> <!-- verifyTwitterLogoTest -->
  <testcase classname="testCases.LoginPageTest" name="LoginToApplicationTest" time="0.0">
    <ignored/>
  </testcase> <!-- LoginToApplicationTest -->
</testsuite> <!-- Test(failed) -->
