<?xml version="1.0" encoding="UTF-8"?>
<testng-results ignored="1" total="3" passed="2" failed="0" skipped="0">
  <reporter-output>
  </reporter-output>
  <suite started-at="2023-10-28T07:17:53 IST" name="Default suite" finished-at="2023-10-28T07:18:24 IST" duration-ms="31112">
    <groups>
      <group name="regression">
        <method signature="LoginPageTest.verifyTitleOfApplication()[pri:0, instance:testCases.LoginPageTest@1787bc24]" name="verifyTitleOfApplication" class="testCases.LoginPageTest"/>
      </group> <!-- regression -->
      <group name="sanity">
        <method signature="LoginPageTest.LoginToApplicationTest()[pri:0, instance:testCases.LoginPageTest@1787bc24]" name="LoginToApplicationTest" class="testCases.LoginPageTest"/>
      </group> <!-- sanity -->
      <group name="retset">
        <method signature="LoginPageTest.LoginToApplicationTest()[pri:0, instance:testCases.LoginPageTest@1787bc24]" name="LoginToApplicationTest" class="testCases.LoginPageTest"/>
      </group> <!-- retset -->
    </groups>
    <test started-at="2023-10-28T07:17:53 IST" name="Default test" finished-at="2023-10-28T07:18:24 IST" duration-ms="31112">
      <class name="testCases.LoginPageTest">
        <test-method is-config="true" signature="setUp()[pri:0, instance:testCases.LoginPageTest@1787bc24]" started-at="2023-10-28T07:17:53 IST" name="setUp" finished-at="2023-10-28T07:18:07 IST" duration-ms="14483" status="PASS">
          <reporter-output>
          </reporter-output>
        </test-method> <!-- setUp -->
        <test-method signature="LoginToApplicationTest()[pri:0, instance:testCases.LoginPageTest@1787bc24]" started-at="2023-10-28T07:18:07 IST" name="LoginToApplicationTest" finished-at="2023-10-28T07:18:11 IST" duration-ms="4016" status="PASS">
          <reporter-output>
          </reporter-output>
        </test-method> <!-- LoginToApplicationTest -->
        <test-method is-config="true" signature="closeBrowser(org.testng.ITestResult)[pri:0, instance:testCases.LoginPageTest@1787bc24]" started-at="2023-10-28T07:18:11 IST" name="closeBrowser" finished-at="2023-10-28T07:18:13 IST" duration-ms="1844" status="PASS">
          <params>
            <param index="0">
              <value>
                <![CDATA[[TestResult name=LoginToApplicationTest status=SUCCESS method=LoginPageTest.LoginToApplicationTest()[pri:0, instance:testCases.LoginPageTest@1787bc24] output={null}]]]>
              </value>
            </param>
          </params>
          <reporter-output>
          </reporter-output>
        </test-method> <!-- closeBrowser -->
        <test-method is-config="true" signature="setUp()[pri:0, instance:testCases.LoginPageTest@1787bc24]" started-at="2023-10-28T07:18:13 IST" name="setUp" finished-at="2023-10-28T07:18:23 IST" duration-ms="9228" status="PASS">
          <reporter-output>
          </reporter-output>
        </test-method> <!-- setUp -->
        <test-method signature="verifyTitleOfApplication()[pri:0, instance:testCases.LoginPageTest@1787bc24]" started-at="2023-10-28T07:18:23 IST" name="verifyTitleOfApplication" finished-at="2023-10-28T07:18:23 IST" duration-ms="179" status="PASS">
          <reporter-output>
          </reporter-output>
        </test-method> <!-- verifyTitleOfApplication -->
        <test-method is-config="true" signature="closeBrowser(org.testng.ITestResult)[pri:0, instance:testCases.LoginPageTest@1787bc24]" started-at="2023-10-28T07:18:23 IST" name="closeBrowser" finished-at="2023-10-28T07:18:24 IST" duration-ms="1048" status="PASS">
          <params>
            <param index="0">
              <value>
                <![CDATA[[TestResult name=verifyTitleOfApplication status=SUCCESS method=LoginPageTest.verifyTitleOfApplication()[pri:0, instance:testCases.LoginPageTest@1787bc24] output={null}]]]>
              </value>
            </param>
          </params>
          <reporter-output>
          </reporter-output>
        </test-method> <!-- closeBrowser -->
      </class> <!-- testCases.LoginPageTest -->
    </test> <!-- Default test -->
  </suite> <!-- Default suite -->
</testng-results>
